2018-02-06T13:03:22.278Z [right meow!] debug: [debug],错误了
2018-02-06T13:03:22.280Z [right meow!] info: [info],错误了
2018-02-06T13:04:08.509Z [winston] debug: [debug],错误了
2018-02-06T13:04:08.511Z [winston] info: [info],错误了
2018-02-06T13:04:25.677Z [undefined] debug: [debug],错误了
2018-02-06T13:04:25.679Z [undefined] info: [info],错误了
2018-02-06T13:06:46.081Z [undefined] debug: [debug],错误了
2018-02-06T13:06:46.083Z [undefined] info: [info],错误了
2018-02-06T13:07:09.912Z [undefined] debug: [debug],错误了
2018-02-06T13:07:09.914Z [undefined] info: [info],错误了
2018-02-06T13:07:20.652Z [undefined] debug: [debug],错误了
2018-02-06T13:07:20.656Z [undefined] info: [info],错误了
2018-02-06T13:09:18.067Z [undefined] debug: [debug],错误了
2018-02-06T13:09:18.069Z [undefined] info: [info],错误了
2018-02-06T13:09:47.842Z [winston] debug: [debug],错误了
2018-02-06T13:09:47.845Z [winston] info: [info],错误了
2018-02-06T13:09:58.475Z [winston] debug: [debug],错误了
2018-02-06T13:09:58.477Z [winston] info: [info],错误了
2018-02-06T13:10:00.104Z [winston] debug: [debug],错误了
2018-02-06T13:10:00.104Z [winston] info: [info],错误了
2018-02-06T13:11:47.999Z [winston] debug: [debug],错误了
2018-02-06T13:11:48.001Z [winston] info: [info],错误了
2018-02-06T13:15:27.729Z [winston] debug: [debug],错误了
2018-02-06T13:15:27.731Z [winston] info: [info],错误了
2018-02-06T13:37:10.378Z [winston] debug: [debug],错误了
2018-02-06T13:37:10.380Z [winston] info: [info],错误了
2018-02-06T13:37:24.540Z [winston] debug: [debug],错误了
2018-02-06T13:37:24.544Z [winston] info: [info],错误了
2018-02-06T13:38:32.325Z [winston] debug: [debug],错误了
2018-02-06T13:38:32.327Z [winston] info: [info],错误了
2018-02-06T13:38:53.367Z [winston] debug: [debug],错误了
2018-02-06T13:38:53.369Z [winston] info: [info],错误了
2018-02-06T13:40:43.000Z [winston] debug: [debug],错误了
2018-02-06T13:40:43.002Z [winston] info: [info],错误了
2018-02-06T13:40:58.861Z [winston] debug: [debug],错误了
2018-02-06T14:12:54.948Z [winston] debug: [debug],错误了
2018-02-06T14:12:54.950Z [winston] info: [info],错误了
2018-02-06T14:16:00.987Z [winston] debug: [debug],错误了
2018-02-06T14:16:00.989Z [winston] info: [info],错误了
2018-02-06T14:19:23.360Z [winston] debug: [debug],错误了
2018-02-06T14:19:23.362Z [winston] info: [info],错误了
2018-02-06T14:24:58.512Z [winston] debug: [debug],错误了
2018-02-06T14:24:58.517Z [winston] info: [info],错误了
2018-02-06T14:25:27.827Z [winston] debug: [debug],错误了
2018-02-06T14:25:27.831Z [winston] info: [info],错误了
2018-02-06T14:25:41.536Z [winston] debug: [debug],错误了
2018-02-06T14:25:41.544Z [winston] info: [info],错误了
2018-02-06T14:25:41.545Z [winston] error: [info],错误了
2018-02-06T14:26:35.461Z [winston] debug: [debug],错误了
2018-02-06T14:26:35.468Z [winston] info: [info],错误了
2018-02-06T14:26:35.469Z [winston] error: [error],错误了
2018-02-06T14:27:24.420Z [winston] debug: [debug],错误了
2018-02-06T14:27:24.425Z [winston] info: [info],错误了
2018-02-06T14:27:24.425Z [winston] error: [error],错误了
2018-02-06T14:27:34.600Z [winston] debug: [debug],错误了
2018-02-06T14:27:34.604Z [winston] info: [info],错误了
2018-02-06T14:27:34.605Z [winston] error: [error],错误了
2018-02-06T14:27:52.484Z [winston] debug: [debug],错误了
2018-02-06T14:27:52.490Z [winston] info: [info],错误了
2018-02-06T14:27:52.491Z [winston] error: [error],错误了
2018-02-06T14:28:46.317Z [winston] info: [info],错误了
2018-02-06T14:28:46.322Z [winston] error: [error],错误了
2018-02-06T14:28:58.589Z [winston] info: [info],错误了
2018-02-06T14:28:58.594Z [winston] error: [error],错误了
2018-02-06T14:40:30.057Z [winston] info: [info],错误了
2018-02-06T14:40:30.061Z [winston] error: [error],错误了
2018-02-06T14:42:14.810Z [winston] debug: [debug],错误了
2018-02-06T14:42:14.817Z [winston] info: [info],错误了
2018-02-06T14:42:14.818Z [winston] error: [error],错误了
2018-02-06T14:42:55.865Z [winston] debug: [debug],错误了
2018-02-06T14:42:55.869Z [winston] info: [info],错误了
2018-02-06T14:42:55.870Z [winston] error: [error],错误了
2018-02-06T14:43:09.726Z [winston] debug: [debug],错误了
2018-02-06T14:43:09.731Z [winston] info: [info],错误了
2018-02-06T14:43:09.732Z [winston] error: [error],错误了
2018-02-06T14:43:26.974Z [winston] debug: [debug],错误了
2018-02-06T14:43:26.981Z [winston] info: [info],错误了
2018-02-06T14:43:26.982Z [winston] error: [error],错误了
2018-02-06T14:45:37.303Z [winston] debug: [debug],错误了
2018-02-06T14:45:37.309Z [winston] info: [info],错误了
2018-02-06T14:45:37.310Z [winston] error: [error],错误了
2018-02-06T14:46:23.836Z [winston] debug: [debug],错误了
2018-02-06T14:46:23.843Z [winston] info: [info],错误了
2018-02-06T14:46:23.844Z [winston] error: [error],错误了
2018-02-06T14:47:51.133Z [winston] debug: [debug],错误了
2018-02-06T14:47:51.140Z [winston] info: [info],错误了
2018-02-06T14:47:51.141Z [winston] error: [error],错误了
2018-02-06T14:51:15.799Z [winston] debug: [debug],错误了
2018-02-06T14:51:15.803Z [winston] info: [info],错误了
2018-02-06T14:51:15.804Z [winston] error: [error],错误了
2018-02-06T14:51:49.080Z [winston] debug: [debug],错误了
2018-02-06T14:51:49.087Z [winston] info: [info],错误了
2018-02-06T14:51:49.088Z [winston] error: [error],错误了
2018-02-06T14:52:22.779Z [winston] info: [info],错误了
2018-02-06T14:52:22.791Z [winston] error: [error],错误了
