2018-02-06 22:43 +08:00: 2018-02-06T14:43:26.974Z [winston] debug: [debug],错误了
2018-02-06 22:43 +08:00: 2018-02-06T14:43:26.981Z [winston] info: [info],错误了
2018-02-06 22:43 +08:00: 2018-02-06T14:43:26.982Z [winston] error: [error],错误了
2018-02-06 22:43 +08:00: [0mGET / [36m304 [0m26.704 ms - -[0m
2018-02-06 22:43 +08:00: [0mGET /stylesheets/style.css [36m304 [0m3.069 ms - -[0m
2018-02-06 22:45 +08:00: 2018-02-06T14:45:37.303Z [winston] debug: [debug],错误了
2018-02-06 22:45 +08:00: 2018-02-06T14:45:37.309Z [winston] info: [info],错误了
2018-02-06 22:45 +08:00: 2018-02-06T14:45:37.310Z [winston] error: [error],错误了
2018-02-06 22:45 +08:00: [0mGET / [36m304 [0m21.590 ms - -[0m
2018-02-06 22:45 +08:00: [0mGET /stylesheets/style.css [36m304 [0m2.268 ms - -[0m
2018-02-06 22:46 +08:00: 2018-02-06T14:46:23.836Z [winston] debug: [debug],错误了
2018-02-06 22:46 +08:00: 2018-02-06T14:46:23.843Z [winston] info: [info],错误了
2018-02-06 22:46 +08:00: 2018-02-06T14:46:23.844Z [winston] error: [error],错误了
2018-02-06 22:46 +08:00: [0mGET / [36m304 [0m24.814 ms - -[0m
2018-02-06 22:46 +08:00: [0mGET /stylesheets/style.css [36m304 [0m2.935 ms - -[0m
2018-02-06 22:47 +08:00: 2018-02-06T14:47:51.133Z [winston] debug: [debug],错误了
2018-02-06 22:47 +08:00: 2018-02-06T14:47:51.140Z [winston] info: [info],错误了
2018-02-06 22:47 +08:00: 2018-02-06T14:47:51.141Z [winston] error: [error],错误了
2018-02-06 22:47 +08:00: [0mGET / [36m304 [0m32.614 ms - -[0m
2018-02-06 22:47 +08:00: [0mGET /stylesheets/style.css [36m304 [0m3.399 ms - -[0m
2018-02-06 22:51 +08:00: 2018-02-06T14:51:15.799Z [winston] debug: [debug],错误了
2018-02-06 22:51 +08:00: 2018-02-06T14:51:15.803Z [winston] info: [info],错误了
2018-02-06 22:51 +08:00: 2018-02-06T14:51:15.804Z [winston] error: [error],错误了
2018-02-06 22:51 +08:00: [0mGET / [36m304 [0m20.436 ms - -[0m
2018-02-06 22:51 +08:00: [0mGET /stylesheets/style.css [36m304 [0m2.771 ms - -[0m
2018-02-06 22:51 +08:00: 2018-02-06T14:51:49.080Z [winston] debug: [debug],错误了
2018-02-06 22:51 +08:00: 2018-02-06T14:51:49.087Z [winston] info: [info],错误了
2018-02-06 22:51 +08:00: 2018-02-06T14:51:49.088Z [winston] error: [error],错误了
2018-02-06 22:51 +08:00: [0mGET / [36m304 [0m31.809 ms - -[0m
2018-02-06 22:51 +08:00: [0mGET /stylesheets/style.css [36m304 [0m3.906 ms - -[0m
2018-02-06 22:52 +08:00: 2018-02-06T14:52:22.779Z [winston] info: [info],错误了
2018-02-06 22:52 +08:00: 2018-02-06T14:52:22.791Z [winston] error: [error],错误了
2018-02-06 22:52 +08:00: [0mGET / [36m304 [0m37.836 ms - -[0m
2018-02-06 22:52 +08:00: [0mGET /stylesheets/style.css [36m304 [0m3.333 ms - -[0m
2018-02-06 22:58 +08:00: 2018-02-06T14:58:43.953Z - debug: [debug],错误了
2018-02-06 22:58 +08:00: 2018-02-06T14:58:43.958Z - info: [info],错误了
2018-02-06 22:58 +08:00: 2018-02-06T14:58:43.959Z - error: [error],错误了
2018-02-06 22:58 +08:00: [0mGET / [36m304 [0m24.215 ms - -[0m
2018-02-06 22:58 +08:00: [0mGET /stylesheets/style.css [36m304 [0m2.296 ms - -[0m
2018-02-06 22:59 +08:00: 2018-02-06T14:59:14.592Z - info: [info],错误了
2018-02-06 22:59 +08:00: 2018-02-06T14:59:14.599Z - error: [error],错误了
2018-02-06 22:59 +08:00: [0mGET / [36m304 [0m31.020 ms - -[0m
2018-02-06 22:59 +08:00: [0mGET /stylesheets/style.css [36m304 [0m3.075 ms - -[0m
2018-02-07 07:43 +08:00: 2018-02-06T23:43:34.185Z - debug: [debug],错误了
2018-02-07 07:43 +08:00: 2018-02-06T23:43:34.193Z - info: [info],错误了
2018-02-07 07:43 +08:00: 2018-02-06T23:43:34.194Z - error: [error],错误了
2018-02-07 07:43 +08:00: [0mGET / [36m304 [0m33.870 ms - -[0m
2018-02-07 07:43 +08:00: [0mGET /stylesheets/style.css [36m304 [0m3.202 ms - -[0m
2018-02-07 07:44 +08:00: 2018-02-06T23:44:00.528Z - debug: [debug],错误了
2018-02-07 07:44 +08:00: 2018-02-06T23:44:00.535Z - info: [info],错误了
2018-02-07 07:44 +08:00: 2018-02-06T23:44:00.536Z - error: [error],错误了
2018-02-07 07:44 +08:00: [0mGET / [36m304 [0m30.912 ms - -[0m
2018-02-07 07:44 +08:00: [0mGET /stylesheets/style.css [36m304 [0m2.916 ms - -[0m
{"message":"2018-02-06T23:51:36.815Z - debug: [debug],错误了\n","timestamp":"2018-02-07 07:51 +08:00","type":"out","process_id":1,"app_name":"dev"}
{"message":"2018-02-06T23:51:36.822Z - info: [info],错误了\n","timestamp":"2018-02-07 07:51 +08:00","type":"err","process_id":1,"app_name":"dev"}
{"message":"2018-02-06T23:51:36.823Z - error: [error],错误了\n","timestamp":"2018-02-07 07:51 +08:00","type":"err","process_id":1,"app_name":"dev"}
{"message":"\u001b[0mGET / \u001b[36m304 \u001b[0m31.590 ms - -\u001b[0m\n","timestamp":"2018-02-07 07:51 +08:00","type":"out","process_id":1,"app_name":"dev"}
{"message":"\u001b[0mGET /stylesheets/style.css \u001b[36m304 \u001b[0m4.597 ms - -\u001b[0m\n","timestamp":"2018-02-07 07:51 +08:00","type":"out","process_id":1,"app_name":"dev"}
{"message":"2018-02-06T23:56:29.522Z - debug: [debug],错误了\n","timestamp":"2018-02-07 07:56 +08:00","type":"out","process_id":0,"app_name":"dev"}
{"message":"2018-02-06T23:56:29.530Z - info: [info],错误了\n","timestamp":"2018-02-07 07:56 +08:00","type":"err","process_id":0,"app_name":"dev"}
{"message":"2018-02-06T23:56:29.531Z - error: [error],错误了\n","timestamp":"2018-02-07 07:56 +08:00","type":"err","process_id":0,"app_name":"dev"}
Error: Kaboom!
    at /Users/yitala/Documents/lww_workspace/front-end/node_express/node_express_learn/routes/index.js:14:15
    at process._tickCallback (internal/process/next_tick.js:150:11)
{"message":"\u001b[0mGET / \u001b[36m304 \u001b[0m43.774 ms - -\u001b[0m\n","timestamp":"2018-02-07 07:56 +08:00","type":"out","process_id":0,"app_name":"dev"}
{"message":"\u001b[0mGET /stylesheets/style.css \u001b[36m304 \u001b[0m3.258 ms - -\u001b[0m\n","timestamp":"2018-02-07 07:56 +08:00","type":"out","process_id":0,"app_name":"dev"}
{"message":"2018-02-06T23:57:28.063Z - debug: [debug],错误了\n","timestamp":"2018-02-07 07:57 +08:00","type":"out","process_id":2,"app_name":"dev"}
{"message":"2018-02-06T23:57:28.068Z - info: [info],错误了\n","timestamp":"2018-02-07 07:57 +08:00","type":"err","process_id":2,"app_name":"dev"}
{"message":"2018-02-06T23:57:28.068Z - error: [error],错误了\n","timestamp":"2018-02-07 07:57 +08:00","type":"err","process_id":2,"app_name":"dev"}
Error: Kaboom!
    at /Users/yitala/Documents/lww_workspace/front-end/node_express/node_express_learn/routes/index.js:14:15
    at process._tickCallback (internal/process/next_tick.js:150:11)
{"message":"\u001b[0mGET / \u001b[36m304 \u001b[0m20.438 ms - -\u001b[0m\n","timestamp":"2018-02-07 07:57 +08:00","type":"out","process_id":2,"app_name":"dev"}
{"message":"\u001b[0mGET /stylesheets/style.css \u001b[36m304 \u001b[0m2.831 ms - -\u001b[0m\n","timestamp":"2018-02-07 07:57 +08:00","type":"out","process_id":2,"app_name":"dev"}
