2018-02-06 22:43 +08:00: 2018-02-06T14:43:26.974Z [winston] debug: [debug],错误了
2018-02-06 22:43 +08:00: 2018-02-06T14:43:26.982Z [winston] error: [error],错误了
2018-02-06 22:45 +08:00: 2018-02-06T14:45:37.303Z [winston] debug: [debug],错误了
2018-02-06 22:45 +08:00: 2018-02-06T14:45:37.310Z [winston] error: [error],错误了
2018-02-06 22:46 +08:00: 2018-02-06T14:46:23.836Z [winston] debug: [debug],错误了
2018-02-06 22:46 +08:00: 2018-02-06T14:46:23.844Z [winston] error: [error],错误了
2018-02-06 22:47 +08:00: 2018-02-06T14:47:51.133Z [winston] debug: [debug],错误了
2018-02-06 22:47 +08:00: 2018-02-06T14:47:51.141Z [winston] error: [error],错误了
2018-02-06 22:51 +08:00: 2018-02-06T14:51:15.799Z [winston] debug: [debug],错误了
2018-02-06 22:51 +08:00: 2018-02-06T14:51:15.804Z [winston] error: [error],错误了
2018-02-06 22:51 +08:00: 2018-02-06T14:51:49.080Z [winston] debug: [debug],错误了
2018-02-06 22:51 +08:00: 2018-02-06T14:51:49.088Z [winston] error: [error],错误了
2018-02-06 22:52 +08:00: 2018-02-06T14:52:22.791Z [winston] error: [error],错误了
2018-02-06 22:58 +08:00: 2018-02-06T14:58:43.958Z - info: [info],错误了
2018-02-06 22:58 +08:00: 2018-02-06T14:58:43.959Z - error: [error],错误了
2018-02-06 22:59 +08:00: 2018-02-06T14:59:14.592Z - info: [info],错误了
2018-02-06 22:59 +08:00: 2018-02-06T14:59:14.599Z - error: [error],错误了
2018-02-07 07:43 +08:00: 2018-02-06T23:43:34.193Z - info: [info],错误了
2018-02-07 07:43 +08:00: 2018-02-06T23:43:34.194Z - error: [error],错误了
2018-02-07 07:44 +08:00: 2018-02-06T23:44:00.535Z - info: [info],错误了
2018-02-07 07:44 +08:00: 2018-02-06T23:44:00.536Z - error: [error],错误了
{"message":"2018-02-06T23:51:36.822Z - info: [info],错误了\n","timestamp":"2018-02-07 07:51 +08:00","type":"err","process_id":1,"app_name":"dev"}
{"message":"2018-02-06T23:51:36.823Z - error: [error],错误了\n","timestamp":"2018-02-07 07:51 +08:00","type":"err","process_id":1,"app_name":"dev"}
{"message":"2018-02-06T23:56:29.530Z - info: [info],错误了\n","timestamp":"2018-02-07 07:56 +08:00","type":"err","process_id":0,"app_name":"dev"}
{"message":"2018-02-06T23:56:29.531Z - error: [error],错误了\n","timestamp":"2018-02-07 07:56 +08:00","type":"err","process_id":0,"app_name":"dev"}
Error: Kaboom!
    at /Users/yitala/Documents/lww_workspace/front-end/node_express/node_express_learn/routes/index.js:14:15
    at process._tickCallback (internal/process/next_tick.js:150:11)
{"message":"2018-02-06T23:57:28.068Z - info: [info],错误了\n","timestamp":"2018-02-07 07:57 +08:00","type":"err","process_id":2,"app_name":"dev"}
{"message":"2018-02-06T23:57:28.068Z - error: [error],错误了\n","timestamp":"2018-02-07 07:57 +08:00","type":"err","process_id":2,"app_name":"dev"}
Error: Kaboom!
    at /Users/yitala/Documents/lww_workspace/front-end/node_express/node_express_learn/routes/index.js:14:15
    at process._tickCallback (internal/process/next_tick.js:150:11)
